app/build/intermediates/manifest_merge_blame_file/release/manifest-merger-blame-release-report.txt
1<?xml version="1.0" encoding="utf-8"?>
2<manifest xmlns:android="http://schemas.android.com/apk/res/android"
3    package="com.seuic.uhfdemo"
4    android:versionCode="1"
5    android:versionName="1.0" >
6
7    <uses-sdk
8        android:minSdkVersion="18"
8-->src\main\AndroidManifest.xml
9        android:targetSdkVersion="26" />
9-->src\main\AndroidManifest.xml
10
11    <uses-permission android:name="android.permission.KILL_BACKGROUND_PROCESSES" />
11-->src\main\AndroidManifest.xml:8:5-83
11-->src\main\AndroidManifest.xml:8:22-81
12    <uses-permission android:name="android.permission.FORCE_STOP_PACKAGES" />
12-->src\main\AndroidManifest.xml:9:5-10:59
12-->src\main\AndroidManifest.xml:9:22-75
13
14    <application
14-->src\main\AndroidManifest.xml:12:5-29:19
15        android:allowBackup="true"
15-->src\main\AndroidManifest.xml:13:9-35
16        android:icon="@drawable/ic_launcher"
16-->src\main\AndroidManifest.xml:14:9-45
17        android:label="@string/app_name"
17-->src\main\AndroidManifest.xml:15:9-41
18        android:theme="@style/AppTheme" >
18-->src\main\AndroidManifest.xml:16:9-40
19        <uses-library android:name="com.seuic.uhf" />
19-->src\main\AndroidManifest.xml:17:9-54
19-->src\main\AndroidManifest.xml:17:23-51
20
21        <activity
21-->src\main\AndroidManifest.xml:19:9-28:20
22            android:name="com.seuic.uhfdemo.MainActivity"
22-->src\main\AndroidManifest.xml:20:13-41
23            android:label="@string/app_name"
23-->src\main\AndroidManifest.xml:21:13-45
24            android:windowSoftInputMode="adjustPan" >
24-->src\main\AndroidManifest.xml:22:13-52
25            <intent-filter>
25-->src\main\AndroidManifest.xml:23:13-27:29
26                <action android:name="android.intent.action.MAIN" />
26-->src\main\AndroidManifest.xml:24:17-69
26-->src\main\AndroidManifest.xml:24:25-66
27
28                <category android:name="android.intent.category.LAUNCHER" />
28-->src\main\AndroidManifest.xml:26:17-77
28-->src\main\AndroidManifest.xml:26:27-74
29            </intent-filter>
30        </activity>
31
32        <meta-data
32-->[com.android.support:appcompat-v7:26.0.1] AndroidManifest.xml:26:9-28:38
33            android:name="android.support.VERSION"
33-->[com.android.support:appcompat-v7:26.0.1] AndroidManifest.xml:27:13-51
34            android:value="26.0.1" />
34-->[com.android.support:appcompat-v7:26.0.1] AndroidManifest.xml:28:13-35
35    </application>
36
37</manifest>